<?xml version="1.0" encoding="UTF-8"?>
<!-- Generated by org.testng.reporters.JUnitXMLReporter -->
<testsuite ignored="0" hostname="MKG-JAGGU" failures="0" tests="3" name="Default test" time="15.775" errors="0" timestamp="2020-06-10T09:24:15 IST">
  <testcase classname="amazon.homepagetest" name="Checktext" time="0.48"/>
  <testcase classname="amazon.homepagetest" name="Nooflinks" time="0.512"/>
  <testcase classname="amazon.homepagetest" name="Headercheck" time="0.593"/>
</testsuite> <!-- Default test -->
