<?xml version="1.0" encoding="UTF-8"?>
<!-- Generated by org.testng.reporters.JUnitXMLReporter -->
<testsuite ignored="0" hostname="MKG-JAGGU" failures="1" tests="3" name="Test" time="14.364" errors="0" timestamp="2020-06-11T02:53:43 IST">
  <testcase classname="amazon.homepagetest" name="Checktext" time="0.477"/>
  <testcase classname="amazon.homepagetest" name="Nooflinks" time="0.274">
    <failure type="java.lang.AssertionError">
      <![CDATA[java.lang.AssertionError
at org.junit.Assert.fail(Assert.java:86)
at org.junit.Assert.assertTrue(Assert.java:41)
at org.junit.Assert.assertTrue(Assert.java:52)
at amazon.homepagetest.Nooflinks(homepagetest.java:49)
at java.base/java.util.ArrayList.forEach(ArrayList.java:1510)
... Removed 27 stack frames]]>
    </failure>
  </testcase> <!-- Nooflinks -->
  <testcase classname="amazon.homepagetest" name="Headercheck" time="0.844"/>
</testsuite> <!-- Test -->
