<?xml version="1.0" encoding="UTF-8"?>
<!-- Generated by org.testng.reporters.JUnitXMLReporter -->
<testsuite ignored="0" hostname="MKG-JAGGU" failures="0" tests="4" name="Test2" time="13.384" errors="0" timestamp="2020-06-11T01:39:14 IST">
  <testcase classname="amazon.iphonelandingpagetest" name="checkboxtest" time="0.496"/>
  <testcase classname="amazon.iphonelandingpagetest" name="resultcheck" time="0.077"/>
  <testcase classname="amazon.iphonelandingpagetest" name="no_of_footerlinks" time="0.164"/>
  <testcase classname="amazon.iphonelandingpagetest" name="eastdanecheck" time="0.218"/>
</testsuite> <!-- Test2 -->
