<?xml version="1.0" encoding="UTF-8"?>
<!-- Generated by org.testng.reporters.JUnitXMLReporter -->
<testsuite ignored="0" hostname="MKG-JAGGU" failures="1" tests="3" name="Test" time="23.242" errors="0" timestamp="2020-06-11T01:39:01 IST">
  <testcase classname="amazon.homepagetest" name="Checktext" time="0.72"/>
  <testcase classname="amazon.homepagetest" name="Nooflinks" time="0.471">
    <failure type="java.lang.AssertionError">
      <![CDATA[java.lang.AssertionError
at org.junit.Assert.fail(Assert.java:86)
at org.junit.Assert.assertTrue(Assert.java:41)
at org.junit.Assert.assertTrue(Assert.java:52)
at amazon.homepagetest.Nooflinks(homepagetest.java:41)
at java.base/java.util.ArrayList.forEach(ArrayList.java:1540)
... Removed 31 stack frames]]>
    </failure>
  </testcase> <!-- Nooflinks -->
  <testcase classname="amazon.homepagetest" name="Headercheck" time="0.806"/>
</testsuite> <!-- Test -->
