<?xml version="1.0" encoding="UTF-8"?>
<testng-results ignored="0" total="9" passed="8" failed="1" skipped="0">
  <reporter-output>
  </reporter-output>
  <suite started-at="2020-06-11T01:38:37 IST" name="Suite" finished-at="2020-06-11T01:39:41 IST" duration-ms="63585">
    <groups>
    </groups>
    <test started-at="2020-06-11T01:38:37 IST" name="Test" finished-at="2020-06-11T01:39:00 IST" duration-ms="23242">
      <class name="amazon.homepagetest">
        <test-method is-config="true" signature="initialize()[pri:0, instance:amazon.homepagetest@609640d5]" started-at="2020-06-11T01:38:37 IST" name="initialize" finished-at="2020-06-11T01:38:53 IST" duration-ms="15651" status="PASS">
          <reporter-output>
          </reporter-output>
        </test-method> <!-- initialize -->
        <test-method signature="Checktext()[pri:0, instance:amazon.homepagetest@609640d5]" started-at="2020-06-11T01:38:53 IST" name="Checktext" finished-at="2020-06-11T01:38:53 IST" duration-ms="720" status="PASS">
          <reporter-output>
          </reporter-output>
        </test-method> <!-- Checktext -->
        <test-method signature="Nooflinks()[pri:1, instance:amazon.homepagetest@609640d5]" started-at="2020-06-11T01:38:53 IST" name="Nooflinks" finished-at="2020-06-11T01:38:54 IST" duration-ms="471" status="FAIL">
          <exception class="java.lang.AssertionError">
            <full-stacktrace>
              <![CDATA[java.lang.AssertionError
at org.junit.Assert.fail(Assert.java:86)
at org.junit.Assert.assertTrue(Assert.java:41)
at org.junit.Assert.assertTrue(Assert.java:52)
at amazon.homepagetest.Nooflinks(homepagetest.java:41)
at java.base/jdk.internal.reflect.NativeMethodAccessorImpl.invoke0(Native Method)
at java.base/jdk.internal.reflect.NativeMethodAccessorImpl.invoke(NativeMethodAccessorImpl.java:62)
at java.base/jdk.internal.reflect.DelegatingMethodAccessorImpl.invoke(DelegatingMethodAccessorImpl.java:43)
at java.base/java.lang.reflect.Method.invoke(Method.java:566)
at org.testng.internal.MethodInvocationHelper.invokeMethod(MethodInvocationHelper.java:134)
at org.testng.internal.TestInvoker.invokeMethod(TestInvoker.java:597)
at org.testng.internal.TestInvoker.invokeTestMethod(TestInvoker.java:173)
at org.testng.internal.MethodRunner.runInSequence(MethodRunner.java:46)
at org.testng.internal.TestInvoker$MethodInvocationAgent.invoke(TestInvoker.java:816)
at org.testng.internal.TestInvoker.invokeTestMethods(TestInvoker.java:146)
at org.testng.internal.TestMethodWorker.invokeTestMethods(TestMethodWorker.java:146)
at org.testng.internal.TestMethodWorker.run(TestMethodWorker.java:128)
at java.base/java.util.ArrayList.forEach(ArrayList.java:1540)
at org.testng.TestRunner.privateRun(TestRunner.java:766)
at org.testng.TestRunner.run(TestRunner.java:587)
at org.testng.SuiteRunner.runTest(SuiteRunner.java:384)
at org.testng.SuiteRunner.runSequentially(SuiteRunner.java:378)
at org.testng.SuiteRunner.privateRun(SuiteRunner.java:337)
at org.testng.SuiteRunner.run(SuiteRunner.java:286)
at org.testng.SuiteRunnerWorker.runSuite(SuiteRunnerWorker.java:53)
at org.testng.SuiteRunnerWorker.run(SuiteRunnerWorker.java:96)
at org.testng.TestNG.runSuitesSequentially(TestNG.java:1187)
at org.testng.TestNG.runSuitesLocally(TestNG.java:1109)
at org.testng.TestNG.runSuites(TestNG.java:1039)
at org.testng.TestNG.run(TestNG.java:1007)
at org.apache.maven.surefire.testng.TestNGExecutor.run(TestNGExecutor.java:283)
at org.apache.maven.surefire.testng.TestNGXmlTestSuite.execute(TestNGXmlTestSuite.java:75)
at org.apache.maven.surefire.testng.TestNGProvider.invoke(TestNGProvider.java:120)
at org.apache.maven.surefire.booter.ForkedBooter.invokeProviderInSameClassLoader(ForkedBooter.java:384)
at org.apache.maven.surefire.booter.ForkedBooter.runSuitesInProcess(ForkedBooter.java:345)
at org.apache.maven.surefire.booter.ForkedBooter.execute(ForkedBooter.java:126)
at org.apache.maven.surefire.booter.ForkedBooter.main(ForkedBooter.java:418)
]]>
            </full-stacktrace>
          </exception> <!-- java.lang.AssertionError -->
          <reporter-output>
          </reporter-output>
        </test-method> <!-- Nooflinks -->
        <test-method signature="Headercheck()[pri:2, instance:amazon.homepagetest@609640d5]" started-at="2020-06-11T01:38:55 IST" name="Headercheck" finished-at="2020-06-11T01:38:56 IST" duration-ms="806" status="PASS">
          <reporter-output>
          </reporter-output>
        </test-method> <!-- Headercheck -->
        <test-method is-config="true" signature="teardown()[pri:0, instance:amazon.homepagetest@609640d5]" started-at="2020-06-11T01:38:56 IST" name="teardown" finished-at="2020-06-11T01:39:00 IST" duration-ms="4261" status="PASS">
          <reporter-output>
          </reporter-output>
        </test-method> <!-- teardown -->
      </class> <!-- amazon.homepagetest -->
    </test> <!-- Test -->
    <test started-at="2020-06-11T01:39:01 IST" name="Test2" finished-at="2020-06-11T01:39:14 IST" duration-ms="13384">
      <class name="amazon.iphonelandingpagetest">
        <test-method is-config="true" signature="initialize()[pri:0, instance:amazon.iphonelandingpagetest@37bd68c3]" started-at="2020-06-11T01:39:01 IST" name="initialize" finished-at="2020-06-11T01:39:13 IST" duration-ms="12103" status="PASS">
          <reporter-output>
          </reporter-output>
        </test-method> <!-- initialize -->
        <test-method signature="checkboxtest()[pri:0, instance:amazon.iphonelandingpagetest@37bd68c3]" started-at="2020-06-11T01:39:13 IST" name="checkboxtest" finished-at="2020-06-11T01:39:14 IST" duration-ms="496" status="PASS">
          <reporter-output>
          </reporter-output>
        </test-method> <!-- checkboxtest -->
        <test-method signature="resultcheck()[pri:1, instance:amazon.iphonelandingpagetest@37bd68c3]" started-at="2020-06-11T01:39:14 IST" name="resultcheck" finished-at="2020-06-11T01:39:14 IST" duration-ms="77" status="PASS">
          <reporter-output>
          </reporter-output>
        </test-method> <!-- resultcheck -->
        <test-method signature="no_of_footerlinks()[pri:2, instance:amazon.iphonelandingpagetest@37bd68c3]" started-at="2020-06-11T01:39:14 IST" name="no_of_footerlinks" finished-at="2020-06-11T01:39:14 IST" duration-ms="164" status="PASS">
          <reporter-output>
          </reporter-output>
        </test-method> <!-- no_of_footerlinks -->
        <test-method signature="eastdanecheck()[pri:3, instance:amazon.iphonelandingpagetest@37bd68c3]" started-at="2020-06-11T01:39:14 IST" name="eastdanecheck" finished-at="2020-06-11T01:39:14 IST" duration-ms="218" status="PASS">
          <reporter-output>
          </reporter-output>
        </test-method> <!-- eastdanecheck -->
        <test-method is-config="true" signature="teardown()[pri:0, instance:amazon.iphonelandingpagetest@37bd68c3]" started-at="2020-06-11T01:39:14 IST" name="teardown" finished-at="2020-06-11T01:39:14 IST" duration-ms="322" status="PASS">
          <reporter-output>
          </reporter-output>
        </test-method> <!-- teardown -->
      </class> <!-- amazon.iphonelandingpagetest -->
    </test> <!-- Test2 -->
    <test started-at="2020-06-11T01:39:15 IST" name="Test3" finished-at="2020-06-11T01:39:41 IST" duration-ms="26048">
      <class name="amazon.mainpagetest">
        <test-method is-config="true" signature="initialize()[pri:0, instance:amazon.mainpagetest@636e8cc]" started-at="2020-06-11T01:39:15 IST" name="initialize" finished-at="2020-06-11T01:39:33 IST" duration-ms="18560" status="PASS">
          <reporter-output>
          </reporter-output>
        </test-method> <!-- initialize -->
        <test-method signature="stockunavailtext()[pri:0, instance:amazon.mainpagetest@636e8cc]" started-at="2020-06-11T01:39:33 IST" name="stockunavailtext" finished-at="2020-06-11T01:39:35 IST" duration-ms="1917" status="PASS">
          <reporter-output>
          </reporter-output>
        </test-method> <!-- stockunavailtext -->
        <test-method signature="colourcheck()[pri:1, instance:amazon.mainpagetest@636e8cc]" started-at="2020-06-11T01:39:35 IST" name="colourcheck" finished-at="2020-06-11T01:39:36 IST" duration-ms="1186" status="PASS">
          <reporter-output>
          </reporter-output>
        </test-method> <!-- colourcheck -->
        <test-method is-config="true" signature="teardown()[pri:0, instance:amazon.mainpagetest@636e8cc]" started-at="2020-06-11T01:39:36 IST" name="teardown" finished-at="2020-06-11T01:39:41 IST" duration-ms="4383" status="PASS">
          <reporter-output>
          </reporter-output>
        </test-method> <!-- teardown -->
      </class> <!-- amazon.mainpagetest -->
    </test> <!-- Test3 -->
  </suite> <!-- Suite -->
</testng-results>
