<?xml version="1.0" encoding="UTF-8"?>
<testsuite xmlns:xsi="http://www.w3.org/2001/XMLSchema-instance" xsi:noNamespaceSchemaLocation="https://maven.apache.org/surefire/maven-surefire-plugin/xsd/surefire-test-report.xsd" name="TestSuite" time="71.954" tests="9" errors="0" skipped="0" failures="1">
  <properties>
[...]
</properties>
  <testcase name="Checktext" classname="amazon.homepagetest" time="0.698"/>
  <testcase name="Nooflinks" classname="amazon.homepagetest" time="0.501">
    <failure type="java.lang.AssertionError">java.lang.AssertionError
	at amazon.homepagetest.Nooflinks(homepagetest.java:41)
</failure>
    <system-out><![CDATA[13
]]></system-out>
  </testcase>
  <testcase name="Headercheck" classname="amazon.homepagetest" time="0.818"/>
  <testcase name="checkboxtest" classname="amazon.iphonelandingpagetest" time="0.501"/>
  <testcase name="resultcheck" classname="amazon.iphonelandingpagetest" time="0.074"/>
  <testcase name="no_of_footerlinks" classname="amazon.iphonelandingpagetest" time="0.167"/>
  <testcase name="eastdanecheck" classname="amazon.iphonelandingpagetest" time="0.214"/>
  <testcase name="stockunavailtext" classname="amazon.mainpagetest" time="1.916"/>
  <testcase name="colourcheck" classname="amazon.mainpagetest" time="1.186"/>
</testsuite>