<?xml version="1.0" encoding="UTF-8"?>
<!-- Generated by org.testng.reporters.JUnitReportReporter -->
<testsuite hostname="MKG-JAGGU" failures="0" tests="4" name="amazon.iphonelandingpagetest" time="1.434" errors="0" timestamp="2020-06-10T09:03:06 IST" skipped="0">
  <testcase classname="amazon.iphonelandingpagetest" name="checkboxtest" time="1.060"/>
  <system-out/>
  <testcase classname="amazon.iphonelandingpagetest" name="resultcheck" time="0.065"/>
  <system-out/>
  <testcase classname="amazon.iphonelandingpagetest" name="no_of_footerlinks" time="0.099"/>
  <system-out/>
  <testcase classname="amazon.iphonelandingpagetest" name="eastdanecheck" time="0.210"/>
  <system-out/>
</testsuite> <!-- amazon.iphonelandingpagetest -->
