<?xml version="1.0" encoding="UTF-8"?>
<!-- Generated by org.testng.reporters.JUnitReportReporter -->
<testsuite hostname="MKG-JAGGU" failures="0" tests="4" name="amazon.iphonelandingpagetest" time="0.955" errors="0" timestamp="2020-06-11T01:39:41 IST" skipped="0">
  <testcase classname="amazon.iphonelandingpagetest" name="checkboxtest" time="0.496"/>
  <system-out/>
  <testcase classname="amazon.iphonelandingpagetest" name="resultcheck" time="0.077"/>
  <system-out/>
  <testcase classname="amazon.iphonelandingpagetest" name="no_of_footerlinks" time="0.164"/>
  <system-out/>
  <testcase classname="amazon.iphonelandingpagetest" name="eastdanecheck" time="0.218"/>
  <system-out/>
</testsuite> <!-- amazon.iphonelandingpagetest -->
